<?xml version="1.0" encoding="UTF-8"?>
<!-- Generated by org.testng.reporters.JUnitReportReporter -->
<testsuite hostname="RamRaksha-PC" name="Data.NewTest" tests="1" failures="0" timestamp="13 Jan 2020 17:53:45 GMT" time="90.099" errors="0">
  <testcase name="Config" time="90.099" classname="Data.NewTest"/>
</testsuite> <!-- Data.NewTest -->
