<?xml version="1.0" encoding="UTF-8"?>
<!-- Generated by org.testng.reporters.JUnitReportReporter -->
<testsuite hostname="RamRaksha-PC" name="Test.LoginVerify" tests="3" failures="0" timestamp="13 Jan 2020 18:26:53 GMT" time="10.793" errors="0">
  <testcase name="EnterCredentials" time="9.560" classname="Test.LoginVerify"/>
  <testcase name="verifyedirection" time="1.213" classname="Test.LoginVerify"/>
  <testcase name="VerifyLogin" time="0.020" classname="Test.LoginVerify"/>
</testsuite> <!-- Test.LoginVerify -->
