<?xml version="1.0" encoding="UTF-8"?>
<!-- Generated by org.testng.reporters.JUnitReportReporter -->
<testsuite hostname="RamRaksha-PC" name="Test.LandingVerify" tests="1" failures="0" timestamp="13 Jan 2020 18:07:01 GMT" time="1.717" errors="0">
  <testcase name="Landing" time="1.717" classname="Test.LandingVerify"/>
</testsuite> <!-- Test.LandingVerify -->
